<?xml version="1.0" encoding="UTF-8"?>
<!-- Generated by org.testng.reporters.JUnitReportReporter -->
<testsuite hostname="STA6400808" failures="0" tests="1" name="com.formation.www.exo1.Test2" time="10.355" errors="0" timestamp="2023-06-01T11:02:20 CEST" skipped="0">
  <testcase classname="com.formation.www.exo1.Test2" name="afficherNombreResultatRecherche" time="10.355"/>
  <system-out/>
</testsuite> <!-- com.formation.www.exo1.Test2 -->
