<?xml version="1.0" encoding="UTF-8"?>
<!-- Generated by org.testng.reporters.JUnitReportReporter -->
<testsuite hostname="STA6400808" failures="0" tests="1" name="com.formation.www.exo2.Test1" time="5.932" errors="0" timestamp="2023-06-01T13:56:58 CEST" skipped="0">
  <testcase classname="com.formation.www.exo2.Test1" name="testPays" time="5.932"/>
  <system-out/>
</testsuite> <!-- com.formation.www.exo2.Test1 -->
