<?xml version="1.0" encoding="UTF-8"?>
<!-- Generated by org.testng.reporters.JUnitReportReporter -->
<testsuite hostname="STA6400808" failures="0" tests="1" name="com.formation.www.exo2.Test1$caulculerLesPays" time="6.040" errors="0" timestamp="2023-06-01T11:25:47 CEST" skipped="0">
  <testcase classname="com.formation.www.exo2.Test1$caulculerLesPays" name="testPays" time="6.040"/>
  <system-out/>
</testsuite> <!-- com.formation.www.exo2.Test1$caulculerLesPays -->
